Arguments: 
  C:\Program Files\nodejs\node.exe C:\Program Files (x86)\Yarn\bin\yarn.js install

PATH: 
  C:\Program Files\ConEmu\ConEmu\Scripts;C:\Program Files\ConEmu;C:\Program Files\ConEmu\ConEmu;C:\Python27\;C:\Python27\Scripts;C:\Program Files\NVIDIA GPU Computing Toolkit\CUDA\v9.0\bin;C:\Program Files\NVIDIA GPU Computing Toolkit\CUDA\v9.0\libnvvp;C:\Program Files (x86)\Intel\Intel(R) Management Engine Components\iCLS\;C:\Program Files\Intel\Intel(R) Management Engine Components\iCLS\;C:\Program Files (x86)\Common Files\Oracle\Java\javapath;C:\Program Files\Python36\Scripts\;C:\Program Files\Python36\;C:\WINDOWS\system32;C:\WINDOWS;C:\WINDOWS\System32\Wbem;C:\WINDOWS\System32\WindowsPowerShell\v1.0\;C:\WINDOWS\System32\OpenSSH\;C:\Program Files\Git\cmd;C:\ProgramData\ComposerSetup\bin;C:\Program Files (x86)\NVIDIA Corporation\PhysX\Common;C:\Program Files\Redis\;C:\Go\bin;C:\Program Files\Microsoft VS Code\bin;C:\Android;C:\Windows\System32;C:\Program Files\Intel\WiFi\bin\;C:\Program Files\Common Files\Intel\WirelessCommon\;C:\Program Files (x86)\Intel\Intel(R) Management Engine Components\DAL;C:\Program Files\Intel\Intel(R) Management Engine Components\DAL;C:\Program Files (x86)\Intel\Intel(R) Management Engine Components\IPT;C:\Program Files\Intel\Intel(R) Management Engine Components\IPT;C:\Program Files (x86)\Gpg4win\..\GnuPG\bin;C:\Program Files (x86)\Yarn\bin\;C:\Program Files\TortoiseGit\bin;C:\WINDOWS\system32;C:\WINDOWS;C:\WINDOWS\System32\Wbem;C:\WINDOWS\System32\WindowsPowerShell\v1.0\;C:\WINDOWS\System32\OpenSSH\;C:\Program Files\NVIDIA Corporation\NVIDIA NvDLISR;C:\Program Files\NVIDIA GPU Computing Toolkit\CUDA\v9.0\extras\CUPTI\libx64;C:\Program Files\NVIDIA GPU Computing Toolkit\CUDA\v9.0\bin;C:\Program Files\NVIDIA GPU Computing Toolkit\CUDA\v9.0\libnvvp;C:\Program Files\NVIDIA GPU Computing Toolkit\CUDA\v9.0;C:\ProgramData\chocolatey\bin;C:\Program Files\nodejs\;C:\Users\kenvi\Anaconda3;C:\Users\kenvi\Anaconda3\Library\mingw-w64\bin;C:\Users\kenvi\Anaconda3\Library\usr\bin;C:\Users\kenvi\Anaconda3\Library\bin;C:\Users\kenvi\Anaconda3\Scripts;C:\Users\kenvi\.windows-build-tools\python27\;C:\Program Files\nodejs\node_modules\npm\node_modules\npm-lifecycle\node-gyp-bin;C:\Users\kenvi\AppData\Roaming\npm\node_modules\windows-build-tools\node_modules\.bin;C:\Users\kenvi\AppData\Roaming\npm\node_modules\.bin;C:\Program Files (x86)\Intel\Intel(R) Management Engine Components\iCLS\;C:\Program Files\Intel\Intel(R) Management Engine Components\iCLS\;C:\Program Files (x86)\Common Files\Oracle\Java\javapath;C:\Program Files\Python36\Scripts\;C:\Program Files\Python36\;C:\WINDOWS\system32;C:\WINDOWS;C:\WINDOWS\System32\Wbem;C:\WINDOWS\System32\WindowsPowerShell\v1.0\;C:\WINDOWS\System32\OpenSSH\;C:\Program Files\Git\cmd;C:\Program Files\nodejs\;C:\ProgramData\ComposerSetup\bin;C:\Program Files (x86)\NVIDIA Corporation\PhysX\Common;C:\Program Files\Redis\;C:\RT\Go\bin;C:\Program F;C:\Portable Softwares\PHP;C:\RT\opencv\build\x64\vc14\bin;C:\RT\opencv\build\x64\vc14\lib;C:\Users\kenvi\AppData\Roaming\npm;C:\RT\Android\platform-tools;

Yarn version: 
  1.9.4

Node version: 
  11.10.0

Platform: 
  win32 x64

Trace: 
  Error: ENOENT: no such file or directory, lstat 'C:\Work Station\NodeProjects\TimetableGenerator-Backend\output\node_modules\semver'

npm manifest: 
  {
    "name": "timetable-generator-backend",
    "version": "1.0.0",
    "main": "app.js",
    "repository": "https://github.com/kenvix/TimetableGenerator-Backend",
    "author": "Kenvix <i@kenvix.com>",
    "private": true,
    "scripts": {
      "app": "cross-env NODE_ENV=production NODE_PATH=output/node_modules app.js",
      "build": "tsc -p ./src"
    },
    "dependencies": {
      "tslib": "^1.9.3",
      "typescript": "^3.0.1"
    },
    "devDependencies": {
      "@types/node": "^6.0.87",
      "cross-env": "^5.2.0"
    }
  }

yarn manifest: 
  No manifest

Lockfile: 
  # THIS IS AN AUTOGENERATED FILE. DO NOT EDIT THIS FILE DIRECTLY.
  # yarn lockfile v1
  
  
  "@types/node@^6.0.87":
    version "6.14.4"
    resolved "http://registry.npm.taobao.org/@types/node/download/@types/node-6.14.4.tgz#d8de576bdeaaafcf54a158af1e38cbb6e6d3db46"
  
  tslib@^1.9.3:
    version "1.9.3"
    resolved "http://registry.npm.taobao.org/tslib/download/tslib-1.9.3.tgz#d7e4dd79245d85428c4d7e4822a79917954ca286"
  
  typescript@^3.0.1:
    version "3.3.3333"
    resolved "http://registry.npm.taobao.org/typescript/download/typescript-3.3.3333.tgz#171b2c5af66c59e9431199117a3bcadc66fdcfd6"
